{"/Users/herby/Documents/Github/Hacktiv8/Phase3/Week2/react-native-challenge/clone/components/CardTab.js": {"path":"/Users/herby/Documents/Github/Hacktiv8/Phase3/Week2/react-native-challenge/clone/components/CardTab.js","statementMap":{"0":{"start":{"line":6,"column":4},"end":{"line":12,"column":5}},"1":{"start":{"line":16,"column":15},"end":{"line":32,"column":2}}},"fnMap":{"0":{"name":"(anonymous_0)","decl":{"start":{"line":5,"column":2},"end":{"line":5,"column":3}},"loc":{"start":{"line":5,"column":11},"end":{"line":13,"column":3}},"line":5}},"branchMap":{},"s":{"0":11,"1":3},"f":{"0":11},"b":{},"_coverageSchema":"332fd63041d2c1bcb487cc26dd0d5f7d97098a6c","hash":"11b41332078fd59738f803acf23d83ebb50a961d"}
,"/Users/herby/Documents/Github/Hacktiv8/Phase3/Week2/react-native-challenge/clone/components/FighterCard.js": {"path":"/Users/herby/Documents/Github/Hacktiv8/Phase3/Week2/react-native-challenge/clone/components/FighterCard.js","statementMap":{"0":{"start":{"line":7,"column":18},"end":{"line":7,"column":36}},"1":{"start":{"line":8,"column":4},"end":{"line":8,"column":24}},"2":{"start":{"line":9,"column":4},"end":{"line":18,"column":5}},"3":{"start":{"line":22,"column":15},"end":{"line":28,"column":2}}},"fnMap":{"0":{"name":"(anonymous_0)","decl":{"start":{"line":6,"column":2},"end":{"line":6,"column":3}},"loc":{"start":{"line":6,"column":11},"end":{"line":19,"column":3}},"line":6}},"branchMap":{},"s":{"0":5,"1":5,"2":5,"3":2},"f":{"0":5},"b":{},"_coverageSchema":"332fd63041d2c1bcb487cc26dd0d5f7d97098a6c","hash":"234c084e8c91f5dd7e788af478bbb4f842cb54ae"}
,"/Users/herby/Documents/Github/Hacktiv8/Phase3/Week2/react-native-challenge/clone/components/FighterProfile.js": {"path":"/Users/herby/Documents/Github/Hacktiv8/Phase3/Week2/react-native-challenge/clone/components/FighterProfile.js","statementMap":{"0":{"start":{"line":6,"column":4},"end":{"line":15,"column":5}},"1":{"start":{"line":19,"column":15},"end":{"line":39,"column":2}}},"fnMap":{"0":{"name":"(anonymous_0)","decl":{"start":{"line":5,"column":2},"end":{"line":5,"column":3}},"loc":{"start":{"line":5,"column":11},"end":{"line":16,"column":3}},"line":5}},"branchMap":{},"s":{"0":6,"1":1},"f":{"0":6},"b":{},"_coverageSchema":"332fd63041d2c1bcb487cc26dd0d5f7d97098a6c","hash":"5f6e9f522249e87387d845e2c13b3626bc621ee0"}
,"/Users/herby/Documents/Github/Hacktiv8/Phase3/Week2/react-native-challenge/clone/components/Logo.js": {"path":"/Users/herby/Documents/Github/Hacktiv8/Phase3/Week2/react-native-challenge/clone/components/Logo.js","statementMap":{"0":{"start":{"line":6,"column":4},"end":{"line":10,"column":5}},"1":{"start":{"line":14,"column":15},"end":{"line":25,"column":2}}},"fnMap":{"0":{"name":"(anonymous_0)","decl":{"start":{"line":5,"column":2},"end":{"line":5,"column":3}},"loc":{"start":{"line":5,"column":11},"end":{"line":11,"column":3}},"line":5}},"branchMap":{},"s":{"0":7,"1":2},"f":{"0":7},"b":{},"_coverageSchema":"332fd63041d2c1bcb487cc26dd0d5f7d97098a6c","hash":"36124893cf50b97c512a05561d6fc9dcf737028f"}
,"/Users/herby/Documents/Github/Hacktiv8/Phase3/Week2/react-native-challenge/clone/components/OctaGirl.js": {"path":"/Users/herby/Documents/Github/Hacktiv8/Phase3/Week2/react-native-challenge/clone/components/OctaGirl.js","statementMap":{"0":{"start":{"line":6,"column":4},"end":{"line":13,"column":5}},"1":{"start":{"line":17,"column":15},"end":{"line":23,"column":2}}},"fnMap":{"0":{"name":"(anonymous_0)","decl":{"start":{"line":5,"column":2},"end":{"line":5,"column":3}},"loc":{"start":{"line":5,"column":11},"end":{"line":14,"column":3}},"line":5}},"branchMap":{},"s":{"0":6,"1":2},"f":{"0":6},"b":{},"_coverageSchema":"332fd63041d2c1bcb487cc26dd0d5f7d97098a6c","hash":"bd4be660f301db7f4d0376e2545a7098051c5341"}
,"/Users/herby/Documents/Github/Hacktiv8/Phase3/Week2/react-native-challenge/clone/components/SearchBar.js": {"path":"/Users/herby/Documents/Github/Hacktiv8/Phase3/Week2/react-native-challenge/clone/components/SearchBar.js","statementMap":{"0":{"start":{"line":6,"column":4},"end":{"line":15,"column":5}},"1":{"start":{"line":19,"column":15},"end":{"line":29,"column":2}}},"fnMap":{"0":{"name":"(anonymous_0)","decl":{"start":{"line":5,"column":2},"end":{"line":5,"column":3}},"loc":{"start":{"line":5,"column":11},"end":{"line":16,"column":3}},"line":5}},"branchMap":{},"s":{"0":5,"1":2},"f":{"0":5},"b":{},"_coverageSchema":"332fd63041d2c1bcb487cc26dd0d5f7d97098a6c","hash":"d4332e47a7f1fc6515239d9cd1b3695820dc6c5a"}
,"/Users/herby/Documents/Github/Hacktiv8/Phase3/Week2/react-native-challenge/clone/components/assets/UFC_Logo.png": {"path":"/Users/herby/Documents/Github/Hacktiv8/Phase3/Week2/react-native-challenge/clone/components/assets/UFC_Logo.png","statementMap":{"0":{"start":{"line":1,"column":0},"end":{"line":3,"column":6}}},"fnMap":{},"branchMap":{},"s":{"0":2},"f":{},"b":{},"_coverageSchema":"332fd63041d2c1bcb487cc26dd0d5f7d97098a6c","hash":"4d6914fffc152a776761e2b0b9e62d36c76c170b"}
,"/Users/herby/Documents/Github/Hacktiv8/Phase3/Week2/react-native-challenge/clone/screens/Fighters.js": {"path":"/Users/herby/Documents/Github/Hacktiv8/Phase3/Week2/react-native-challenge/clone/screens/Fighters.js","statementMap":{"0":{"start":{"line":12,"column":4},"end":{"line":12,"column":30}},"1":{"start":{"line":16,"column":4},"end":{"line":20,"column":6}},"2":{"start":{"line":18,"column":20},"end":{"line":18,"column":132}},"3":{"start":{"line":23,"column":34},"end":{"line":23,"column":54}},"4":{"start":{"line":26,"column":16},"end":{"line":26,"column":59}},"5":{"start":{"line":27,"column":14},"end":{"line":27,"column":126}},"6":{"start":{"line":27,"column":61},"end":{"line":27,"column":124}},"7":{"start":{"line":28,"column":4},"end":{"line":44,"column":5}},"8":{"start":{"line":48,"column":15},"end":{"line":63,"column":2}},"9":{"start":{"line":66,"column":2},"end":{"line":68,"column":3}},"10":{"start":{"line":72,"column":2},"end":{"line":74,"column":3}},"11":{"start":{"line":73,"column":31},"end":{"line":73,"column":64}}},"fnMap":{"0":{"name":"(anonymous_0)","decl":{"start":{"line":11,"column":17},"end":{"line":11,"column":18}},"loc":{"start":{"line":11,"column":24},"end":{"line":13,"column":3}},"line":11},"1":{"name":"(anonymous_1)","decl":{"start":{"line":15,"column":15},"end":{"line":15,"column":16}},"loc":{"start":{"line":16,"column":4},"end":{"line":20,"column":6}},"line":16},"2":{"name":"(anonymous_2)","decl":{"start":{"line":18,"column":14},"end":{"line":18,"column":15}},"loc":{"start":{"line":18,"column":20},"end":{"line":18,"column":132}},"line":18},"3":{"name":"(anonymous_3)","decl":{"start":{"line":23,"column":17},"end":{"line":23,"column":18}},"loc":{"start":{"line":23,"column":34},"end":{"line":23,"column":54}},"line":23},"4":{"name":"(anonymous_4)","decl":{"start":{"line":25,"column":2},"end":{"line":25,"column":3}},"loc":{"start":{"line":25,"column":11},"end":{"line":45,"column":3}},"line":25},"5":{"name":"(anonymous_5)","decl":{"start":{"line":27,"column":50},"end":{"line":27,"column":51}},"loc":{"start":{"line":27,"column":61},"end":{"line":27,"column":124}},"line":27},"6":{"name":"mapStateToProps","decl":{"start":{"line":65,"column":9},"end":{"line":65,"column":24}},"loc":{"start":{"line":65,"column":33},"end":{"line":69,"column":1}},"line":65},"7":{"name":"mapDispatchToProps","decl":{"start":{"line":71,"column":9},"end":{"line":71,"column":27}},"loc":{"start":{"line":71,"column":39},"end":{"line":75,"column":1}},"line":71},"8":{"name":"(anonymous_8)","decl":{"start":{"line":73,"column":18},"end":{"line":73,"column":19}},"loc":{"start":{"line":73,"column":31},"end":{"line":73,"column":64}},"line":73}},"branchMap":{"0":{"loc":{"start":{"line":27,"column":61},"end":{"line":27,"column":124}},"type":"binary-expr","locations":[{"start":{"line":27,"column":61},"end":{"line":27,"column":91}},{"start":{"line":27,"column":95},"end":{"line":27,"column":124}}],"line":27},"1":{"loc":{"start":{"line":32,"column":12},"end":{"line":40,"column":13}},"type":"cond-expr","locations":[{"start":{"line":33,"column":14},"end":{"line":37,"column":16}},{"start":{"line":39,"column":14},"end":{"line":39,"column":105}}],"line":32}},"s":{"0":0,"1":0,"2":0,"3":0,"4":1,"5":1,"6":0,"7":1,"8":1,"9":1,"10":1,"11":0},"f":{"0":0,"1":0,"2":0,"3":0,"4":1,"5":0,"6":1,"7":1,"8":0},"b":{"0":[0,0],"1":[0,1]},"_coverageSchema":"332fd63041d2c1bcb487cc26dd0d5f7d97098a6c","hash":"9d2201ad7325e038c292d58589f6d511465b266e"}
,"/Users/herby/Documents/Github/Hacktiv8/Phase3/Week2/react-native-challenge/clone/screens/Home.js": {"path":"/Users/herby/Documents/Github/Hacktiv8/Phase3/Week2/react-native-challenge/clone/screens/Home.js","statementMap":{"0":{"start":{"line":12,"column":4},"end":{"line":18,"column":5}},"1":{"start":{"line":15,"column":31},"end":{"line":15,"column":73}},"2":{"start":{"line":16,"column":31},"end":{"line":16,"column":74}},"3":{"start":{"line":21,"column":4},"end":{"line":21,"column":29}},"4":{"start":{"line":22,"column":4},"end":{"line":22,"column":30}},"5":{"start":{"line":26,"column":15},"end":{"line":33,"column":2}},"6":{"start":{"line":36,"column":2},"end":{"line":39,"column":3}},"7":{"start":{"line":37,"column":24},"end":{"line":37,"column":47}},"8":{"start":{"line":38,"column":25},"end":{"line":38,"column":49}}},"fnMap":{"0":{"name":"(anonymous_0)","decl":{"start":{"line":11,"column":2},"end":{"line":11,"column":3}},"loc":{"start":{"line":11,"column":11},"end":{"line":19,"column":3}},"line":11},"1":{"name":"(anonymous_1)","decl":{"start":{"line":15,"column":25},"end":{"line":15,"column":26}},"loc":{"start":{"line":15,"column":31},"end":{"line":15,"column":73}},"line":15},"2":{"name":"(anonymous_2)","decl":{"start":{"line":16,"column":25},"end":{"line":16,"column":26}},"loc":{"start":{"line":16,"column":31},"end":{"line":16,"column":74}},"line":16},"3":{"name":"(anonymous_3)","decl":{"start":{"line":20,"column":2},"end":{"line":20,"column":3}},"loc":{"start":{"line":20,"column":23},"end":{"line":23,"column":3}},"line":20},"4":{"name":"mapDispatchToProps","decl":{"start":{"line":35,"column":9},"end":{"line":35,"column":27}},"loc":{"start":{"line":35,"column":39},"end":{"line":40,"column":1}},"line":35},"5":{"name":"(anonymous_5)","decl":{"start":{"line":37,"column":18},"end":{"line":37,"column":19}},"loc":{"start":{"line":37,"column":24},"end":{"line":37,"column":47}},"line":37},"6":{"name":"(anonymous_6)","decl":{"start":{"line":38,"column":19},"end":{"line":38,"column":20}},"loc":{"start":{"line":38,"column":25},"end":{"line":38,"column":49}},"line":38}},"branchMap":{},"s":{"0":1,"1":0,"2":0,"3":1,"4":1,"5":1,"6":1,"7":1,"8":1},"f":{"0":1,"1":0,"2":0,"3":1,"4":1,"5":1,"6":1},"b":{},"_coverageSchema":"332fd63041d2c1bcb487cc26dd0d5f7d97098a6c","hash":"da7c21e22af43a66f613de463cb6747f115087f3"}
,"/Users/herby/Documents/Github/Hacktiv8/Phase3/Week2/react-native-challenge/clone/screens/Octagirls.js": {"path":"/Users/herby/Documents/Github/Hacktiv8/Phase3/Week2/react-native-challenge/clone/screens/Octagirls.js","statementMap":{"0":{"start":{"line":8,"column":34},"end":{"line":8,"column":51}},"1":{"start":{"line":10,"column":30},"end":{"line":10,"column":55}},"2":{"start":{"line":13,"column":4},"end":{"line":25,"column":5}},"3":{"start":{"line":29,"column":15},"end":{"line":35,"column":2}},"4":{"start":{"line":38,"column":2},"end":{"line":40,"column":3}}},"fnMap":{"0":{"name":"(anonymous_0)","decl":{"start":{"line":8,"column":17},"end":{"line":8,"column":18}},"loc":{"start":{"line":8,"column":34},"end":{"line":8,"column":51}},"line":8},"1":{"name":"(anonymous_1)","decl":{"start":{"line":10,"column":15},"end":{"line":10,"column":16}},"loc":{"start":{"line":10,"column":30},"end":{"line":10,"column":55}},"line":10},"2":{"name":"(anonymous_2)","decl":{"start":{"line":12,"column":2},"end":{"line":12,"column":3}},"loc":{"start":{"line":12,"column":12},"end":{"line":26,"column":3}},"line":12},"3":{"name":"mapStateToProps","decl":{"start":{"line":37,"column":9},"end":{"line":37,"column":24}},"loc":{"start":{"line":37,"column":33},"end":{"line":41,"column":1}},"line":37}},"branchMap":{"0":{"loc":{"start":{"line":15,"column":10},"end":{"line":22,"column":12}},"type":"cond-expr","locations":[{"start":{"line":16,"column":10},"end":{"line":16,"column":32}},{"start":{"line":18,"column":10},"end":{"line":22,"column":12}}],"line":15}},"s":{"0":0,"1":0,"2":1,"3":1,"4":1},"f":{"0":0,"1":0,"2":1,"3":1},"b":{"0":[0,1]},"_coverageSchema":"332fd63041d2c1bcb487cc26dd0d5f7d97098a6c","hash":"59b0154d6b430f7b7d1510ff7b5e172c41ebe59f"}
,"/Users/herby/Documents/Github/Hacktiv8/Phase3/Week2/react-native-challenge/clone/store/rootReducer.js": {"path":"/Users/herby/Documents/Github/Hacktiv8/Phase3/Week2/react-native-challenge/clone/store/rootReducer.js","statementMap":{"0":{"start":{"line":5,"column":17},"end":{"line":8,"column":2}}},"fnMap":{},"branchMap":{},"s":{"0":3},"f":{},"b":{},"_coverageSchema":"332fd63041d2c1bcb487cc26dd0d5f7d97098a6c","hash":"03a806bd435600b8049c192db6df32dbe4a2718c"}
,"/Users/herby/Documents/Github/Hacktiv8/Phase3/Week2/react-native-challenge/clone/store/store.js": {"path":"/Users/herby/Documents/Github/Hacktiv8/Phase3/Week2/react-native-challenge/clone/store/store.js","statementMap":{"0":{"start":{"line":6,"column":14},"end":{"line":9,"column":1}}},"fnMap":{},"branchMap":{},"s":{"0":3},"f":{},"b":{},"_coverageSchema":"332fd63041d2c1bcb487cc26dd0d5f7d97098a6c","hash":"d79abcda56fbb0e238379761d6b6ab2eeccfb74a"}
,"/Users/herby/Documents/Github/Hacktiv8/Phase3/Week2/react-native-challenge/clone/store/fighters/fighter.actionType.js": {"path":"/Users/herby/Documents/Github/Hacktiv8/Phase3/Week2/react-native-challenge/clone/store/fighters/fighter.actionType.js","statementMap":{"0":{"start":{"line":1,"column":32},"end":{"line":1,"column":50}},"1":{"start":{"line":2,"column":30},"end":{"line":2,"column":46}}},"fnMap":{},"branchMap":{},"s":{"0":3,"1":3},"f":{},"b":{},"_coverageSchema":"332fd63041d2c1bcb487cc26dd0d5f7d97098a6c","hash":"6fad69b9c7de4add051685d66559f41b8e8f9e40"}
,"/Users/herby/Documents/Github/Hacktiv8/Phase3/Week2/react-native-challenge/clone/store/fighters/fighter.actions.js": {"path":"/Users/herby/Documents/Github/Hacktiv8/Phase3/Week2/react-native-challenge/clone/store/fighters/fighter.actions.js","statementMap":{"0":{"start":{"line":4,"column":27},"end":{"line":15,"column":1}},"1":{"start":{"line":5,"column":2},"end":{"line":14,"column":3}},"2":{"start":{"line":6,"column":4},"end":{"line":13,"column":8}},"3":{"start":{"line":8,"column":23},"end":{"line":8,"column":69}},"4":{"start":{"line":8,"column":51},"end":{"line":8,"column":68}},"5":{"start":{"line":9,"column":8},"end":{"line":9,"column":46}},"6":{"start":{"line":12,"column":8},"end":{"line":12,"column":24}},"7":{"start":{"line":17,"column":30},"end":{"line":21,"column":1}},"8":{"start":{"line":18,"column":2},"end":{"line":20,"column":3}},"9":{"start":{"line":19,"column":3},"end":{"line":19,"column":41}},"10":{"start":{"line":23,"column":27},"end":{"line":26,"column":2}},"11":{"start":{"line":23,"column":41},"end":{"line":26,"column":1}},"12":{"start":{"line":28,"column":28},"end":{"line":31,"column":2}},"13":{"start":{"line":28,"column":42},"end":{"line":31,"column":1}}},"fnMap":{"0":{"name":"(anonymous_0)","decl":{"start":{"line":4,"column":27},"end":{"line":4,"column":28}},"loc":{"start":{"line":4,"column":40},"end":{"line":15,"column":1}},"line":4},"1":{"name":"(anonymous_1)","decl":{"start":{"line":5,"column":9},"end":{"line":5,"column":10}},"loc":{"start":{"line":5,"column":21},"end":{"line":14,"column":3}},"line":5},"2":{"name":"(anonymous_2)","decl":{"start":{"line":7,"column":12},"end":{"line":7,"column":13}},"loc":{"start":{"line":7,"column":20},"end":{"line":10,"column":7}},"line":7},"3":{"name":"(anonymous_3)","decl":{"start":{"line":8,"column":40},"end":{"line":8,"column":41}},"loc":{"start":{"line":8,"column":51},"end":{"line":8,"column":68}},"line":8},"4":{"name":"(anonymous_4)","decl":{"start":{"line":11,"column":13},"end":{"line":11,"column":14}},"loc":{"start":{"line":11,"column":20},"end":{"line":13,"column":7}},"line":11},"5":{"name":"(anonymous_5)","decl":{"start":{"line":17,"column":30},"end":{"line":17,"column":31}},"loc":{"start":{"line":17,"column":43},"end":{"line":21,"column":1}},"line":17},"6":{"name":"(anonymous_6)","decl":{"start":{"line":18,"column":9},"end":{"line":18,"column":10}},"loc":{"start":{"line":18,"column":21},"end":{"line":20,"column":3}},"line":18},"7":{"name":"(anonymous_7)","decl":{"start":{"line":23,"column":27},"end":{"line":23,"column":28}},"loc":{"start":{"line":23,"column":41},"end":{"line":26,"column":1}},"line":23},"8":{"name":"(anonymous_8)","decl":{"start":{"line":28,"column":28},"end":{"line":28,"column":29}},"loc":{"start":{"line":28,"column":42},"end":{"line":31,"column":1}},"line":28}},"branchMap":{},"s":{"0":2,"1":1,"2":1,"3":0,"4":0,"5":0,"6":0,"7":2,"8":0,"9":0,"10":2,"11":0,"12":2,"13":0},"f":{"0":1,"1":1,"2":0,"3":0,"4":0,"5":0,"6":0,"7":0,"8":0},"b":{},"_coverageSchema":"332fd63041d2c1bcb487cc26dd0d5f7d97098a6c","hash":"499c79311cd736feda163970efc63e39b142cf60"}
,"/Users/herby/Documents/Github/Hacktiv8/Phase3/Week2/react-native-challenge/clone/store/fighters/fighter.reducer.js": {"path":"/Users/herby/Documents/Github/Hacktiv8/Phase3/Week2/react-native-challenge/clone/store/fighters/fighter.reducer.js","statementMap":{"0":{"start":{"line":3,"column":21},"end":{"line":8,"column":1}},"1":{"start":{"line":10,"column":17},"end":{"line":25,"column":1}},"2":{"start":{"line":11,"column":2},"end":{"line":24,"column":3}},"3":{"start":{"line":13,"column":6},"end":{"line":16,"column":7}},"4":{"start":{"line":18,"column":6},"end":{"line":21,"column":7}},"5":{"start":{"line":23,"column":6},"end":{"line":23,"column":18}}},"fnMap":{"0":{"name":"(anonymous_0)","decl":{"start":{"line":10,"column":17},"end":{"line":10,"column":18}},"loc":{"start":{"line":10,"column":49},"end":{"line":25,"column":1}},"line":10}},"branchMap":{"0":{"loc":{"start":{"line":10,"column":18},"end":{"line":10,"column":36}},"type":"default-arg","locations":[{"start":{"line":10,"column":24},"end":{"line":10,"column":36}}],"line":10},"1":{"loc":{"start":{"line":11,"column":2},"end":{"line":24,"column":3}},"type":"switch","locations":[{"start":{"line":12,"column":4},"end":{"line":16,"column":7}},{"start":{"line":17,"column":4},"end":{"line":21,"column":7}},{"start":{"line":22,"column":4},"end":{"line":23,"column":18}}],"line":11}},"s":{"0":3,"1":3,"2":9,"3":0,"4":0,"5":9},"f":{"0":9},"b":{"0":[9],"1":[0,0,9]},"_coverageSchema":"332fd63041d2c1bcb487cc26dd0d5f7d97098a6c","hash":"9bae37dcb624460a932d9acd0c42ad931c7cbfb0"}
,"/Users/herby/Documents/Github/Hacktiv8/Phase3/Week2/react-native-challenge/clone/store/octagirls/octagirls.actionType.js": {"path":"/Users/herby/Documents/Github/Hacktiv8/Phase3/Week2/react-native-challenge/clone/store/octagirls/octagirls.actionType.js","statementMap":{"0":{"start":{"line":1,"column":31},"end":{"line":1,"column":49}}},"fnMap":{},"branchMap":{},"s":{"0":3},"f":{},"b":{},"_coverageSchema":"332fd63041d2c1bcb487cc26dd0d5f7d97098a6c","hash":"35b866b87d95d2c72a82afa186f929f1828e3507"}
,"/Users/herby/Documents/Github/Hacktiv8/Phase3/Week2/react-native-challenge/clone/store/octagirls/octagirls.actions.js": {"path":"/Users/herby/Documents/Github/Hacktiv8/Phase3/Week2/react-native-challenge/clone/store/octagirls/octagirls.actions.js","statementMap":{"0":{"start":{"line":4,"column":28},"end":{"line":15,"column":1}},"1":{"start":{"line":5,"column":2},"end":{"line":14,"column":3}},"2":{"start":{"line":6,"column":4},"end":{"line":13,"column":8}},"3":{"start":{"line":8,"column":8},"end":{"line":8,"column":25}},"4":{"start":{"line":9,"column":8},"end":{"line":9,"column":48}},"5":{"start":{"line":12,"column":8},"end":{"line":12,"column":24}},"6":{"start":{"line":17,"column":28},"end":{"line":20,"column":2}},"7":{"start":{"line":17,"column":42},"end":{"line":20,"column":1}}},"fnMap":{"0":{"name":"(anonymous_0)","decl":{"start":{"line":4,"column":28},"end":{"line":4,"column":29}},"loc":{"start":{"line":4,"column":34},"end":{"line":15,"column":1}},"line":4},"1":{"name":"(anonymous_1)","decl":{"start":{"line":5,"column":9},"end":{"line":5,"column":10}},"loc":{"start":{"line":5,"column":21},"end":{"line":14,"column":3}},"line":5},"2":{"name":"(anonymous_2)","decl":{"start":{"line":7,"column":12},"end":{"line":7,"column":13}},"loc":{"start":{"line":7,"column":20},"end":{"line":10,"column":7}},"line":7},"3":{"name":"(anonymous_3)","decl":{"start":{"line":11,"column":13},"end":{"line":11,"column":14}},"loc":{"start":{"line":11,"column":20},"end":{"line":13,"column":7}},"line":11},"4":{"name":"(anonymous_4)","decl":{"start":{"line":17,"column":28},"end":{"line":17,"column":29}},"loc":{"start":{"line":17,"column":42},"end":{"line":20,"column":1}},"line":17}},"branchMap":{},"s":{"0":1,"1":1,"2":1,"3":0,"4":0,"5":0,"6":1,"7":0},"f":{"0":1,"1":1,"2":0,"3":0,"4":0},"b":{},"_coverageSchema":"332fd63041d2c1bcb487cc26dd0d5f7d97098a6c","hash":"3dbea7529bf7b7015a5fcda7ac03ed73e4ae1553"}
,"/Users/herby/Documents/Github/Hacktiv8/Phase3/Week2/react-native-challenge/clone/store/octagirls/octagrirls.reducer.js": {"path":"/Users/herby/Documents/Github/Hacktiv8/Phase3/Week2/react-native-challenge/clone/store/octagirls/octagrirls.reducer.js","statementMap":{"0":{"start":{"line":3,"column":21},"end":{"line":5,"column":1}},"1":{"start":{"line":7,"column":17},"end":{"line":17,"column":1}},"2":{"start":{"line":8,"column":2},"end":{"line":16,"column":3}},"3":{"start":{"line":10,"column":6},"end":{"line":13,"column":7}},"4":{"start":{"line":15,"column":6},"end":{"line":15,"column":18}}},"fnMap":{"0":{"name":"(anonymous_0)","decl":{"start":{"line":7,"column":17},"end":{"line":7,"column":18}},"loc":{"start":{"line":7,"column":49},"end":{"line":17,"column":1}},"line":7}},"branchMap":{"0":{"loc":{"start":{"line":7,"column":18},"end":{"line":7,"column":36}},"type":"default-arg","locations":[{"start":{"line":7,"column":24},"end":{"line":7,"column":36}}],"line":7},"1":{"loc":{"start":{"line":8,"column":2},"end":{"line":16,"column":3}},"type":"switch","locations":[{"start":{"line":9,"column":4},"end":{"line":13,"column":7}},{"start":{"line":14,"column":4},"end":{"line":15,"column":18}}],"line":8}},"s":{"0":3,"1":3,"2":9,"3":0,"4":9},"f":{"0":9},"b":{"0":[9],"1":[0,9]},"_coverageSchema":"332fd63041d2c1bcb487cc26dd0d5f7d97098a6c","hash":"69dea579edf430454a0e1929f8f134356012cb65"}
}
