TN:
SF:/Users/herby/Documents/Github/Hacktiv8/Phase3/Week2/react-native-challenge/clone/components/CardTab.js
FN:5,(anonymous_0)
FNF:1
FNH:1
FNDA:9,(anonymous_0)
DA:6,9
DA:16,3
LF:2
LH:2
BRF:0
BRH:0
end_of_record
TN:
SF:/Users/herby/Documents/Github/Hacktiv8/Phase3/Week2/react-native-challenge/clone/components/FighterCard.js
FN:6,(anonymous_0)
FNF:1
FNH:1
FNDA:5,(anonymous_0)
DA:7,5
DA:8,5
DA:9,5
DA:22,2
LF:4
LH:4
BRF:0
BRH:0
end_of_record
TN:
SF:/Users/herby/Documents/Github/Hacktiv8/Phase3/Week2/react-native-challenge/clone/components/FighterProfile.js
FN:5,(anonymous_0)
FNF:1
FNH:1
FNDA:6,(anonymous_0)
DA:6,6
DA:19,1
LF:2
LH:2
BRF:0
BRH:0
end_of_record
TN:
SF:/Users/herby/Documents/Github/Hacktiv8/Phase3/Week2/react-native-challenge/clone/components/Logo.js
FN:5,(anonymous_0)
FNF:1
FNH:1
FNDA:6,(anonymous_0)
DA:6,6
DA:14,2
LF:2
LH:2
BRF:0
BRH:0
end_of_record
TN:
SF:/Users/herby/Documents/Github/Hacktiv8/Phase3/Week2/react-native-challenge/clone/components/OctaGirl.js
FN:5,(anonymous_0)
FNF:1
FNH:1
FNDA:6,(anonymous_0)
DA:6,6
DA:17,2
LF:2
LH:2
BRF:0
BRH:0
end_of_record
TN:
SF:/Users/herby/Documents/Github/Hacktiv8/Phase3/Week2/react-native-challenge/clone/components/SearchBar.js
FN:5,(anonymous_0)
FNF:1
FNH:1
FNDA:4,(anonymous_0)
DA:6,4
DA:19,2
LF:2
LH:2
BRF:0
BRH:0
end_of_record
TN:
SF:/Users/herby/Documents/Github/Hacktiv8/Phase3/Week2/react-native-challenge/clone/components/assets/UFC_Logo.png
FNF:0
FNH:0
DA:1,1
LF:1
LH:1
BRF:0
BRH:0
end_of_record
TN:
SF:/Users/herby/Documents/Github/Hacktiv8/Phase3/Week2/react-native-challenge/clone/screens/Fighters.js
FN:11,(anonymous_0)
FN:15,(anonymous_1)
FN:18,(anonymous_2)
FN:23,(anonymous_3)
FN:25,(anonymous_4)
FN:27,(anonymous_5)
FN:65,mapStateToProps
FN:71,mapDispatchToProps
FN:73,(anonymous_8)
FNF:9
FNH:0
FNDA:0,(anonymous_0)
FNDA:0,(anonymous_1)
FNDA:0,(anonymous_2)
FNDA:0,(anonymous_3)
FNDA:0,(anonymous_4)
FNDA:0,(anonymous_5)
FNDA:0,mapStateToProps
FNDA:0,mapDispatchToProps
FNDA:0,(anonymous_8)
DA:12,0
DA:16,0
DA:18,0
DA:23,0
DA:26,0
DA:27,0
DA:28,0
DA:48,1
DA:66,0
DA:72,0
DA:73,0
LF:11
LH:1
BRDA:27,0,0,0
BRDA:27,0,1,0
BRDA:32,1,0,0
BRDA:32,1,1,0
BRF:4
BRH:0
end_of_record
TN:
SF:/Users/herby/Documents/Github/Hacktiv8/Phase3/Week2/react-native-challenge/clone/screens/Home.js
FN:11,(anonymous_0)
FN:26,(anonymous_1)
FN:41,mapDispatchToProps
FN:43,(anonymous_3)
FN:44,(anonymous_4)
FNF:5
FNH:0
FNDA:0,(anonymous_0)
FNDA:0,(anonymous_1)
FNDA:0,mapDispatchToProps
FNDA:0,(anonymous_3)
FNDA:0,(anonymous_4)
DA:12,0
DA:27,0
DA:28,0
DA:32,1
DA:42,0
DA:43,0
DA:44,0
LF:7
LH:1
BRF:0
BRH:0
end_of_record
TN:
SF:/Users/herby/Documents/Github/Hacktiv8/Phase3/Week2/react-native-challenge/clone/screens/Octagirls.js
FN:8,(anonymous_0)
FN:10,(anonymous_1)
FN:12,(anonymous_2)
FN:37,mapStateToProps
FNF:4
FNH:0
FNDA:0,(anonymous_0)
FNDA:0,(anonymous_1)
FNDA:0,(anonymous_2)
FNDA:0,mapStateToProps
DA:8,0
DA:10,0
DA:13,0
DA:29,1
DA:38,0
LF:5
LH:1
BRDA:15,0,0,0
BRDA:15,0,1,0
BRF:2
BRH:0
end_of_record
TN:
SF:/Users/herby/Documents/Github/Hacktiv8/Phase3/Week2/react-native-challenge/clone/store/rootReducer.js
FNF:0
FNH:0
DA:5,5
LF:1
LH:1
BRF:0
BRH:0
end_of_record
TN:
SF:/Users/herby/Documents/Github/Hacktiv8/Phase3/Week2/react-native-challenge/clone/store/store.js
FNF:0
FNH:0
DA:6,5
LF:1
LH:1
BRF:0
BRH:0
end_of_record
TN:
SF:/Users/herby/Documents/Github/Hacktiv8/Phase3/Week2/react-native-challenge/clone/store/fighters/fighter.actionType.js
FNF:0
FNH:0
DA:1,6
DA:2,6
LF:2
LH:2
BRF:0
BRH:0
end_of_record
TN:
SF:/Users/herby/Documents/Github/Hacktiv8/Phase3/Week2/react-native-challenge/clone/store/fighters/fighter.actions.js
FN:4,(anonymous_0)
FN:5,(anonymous_1)
FN:7,(anonymous_2)
FN:8,(anonymous_3)
FN:12,(anonymous_4)
FN:18,(anonymous_5)
FN:19,(anonymous_6)
FN:24,(anonymous_7)
FN:29,(anonymous_8)
FNF:9
FNH:8
FNDA:1,(anonymous_0)
FNDA:1,(anonymous_1)
FNDA:1,(anonymous_2)
FNDA:759,(anonymous_3)
FNDA:0,(anonymous_4)
FNDA:1,(anonymous_5)
FNDA:1,(anonymous_6)
FNDA:1,(anonymous_7)
FNDA:1,(anonymous_8)
DA:4,3
DA:5,1
DA:6,1
DA:8,759
DA:9,1
DA:10,1
DA:13,0
DA:18,3
DA:19,1
DA:20,1
DA:24,3
DA:29,3
LF:12
LH:11
BRF:0
BRH:0
end_of_record
TN:
SF:/Users/herby/Documents/Github/Hacktiv8/Phase3/Week2/react-native-challenge/clone/store/fighters/fighter.reducer.js
FN:10,(anonymous_0)
FNF:1
FNH:1
FNDA:18,(anonymous_0)
DA:3,5
DA:10,5
DA:11,18
DA:13,1
DA:18,1
DA:23,16
LF:6
LH:6
BRDA:10,0,0,15
BRDA:11,1,0,1
BRDA:11,1,1,1
BRDA:11,1,2,16
BRF:4
BRH:4
end_of_record
TN:
SF:/Users/herby/Documents/Github/Hacktiv8/Phase3/Week2/react-native-challenge/clone/store/octagirls/octagirls.actionType.js
FNF:0
FNH:0
DA:1,6
LF:1
LH:1
BRF:0
BRH:0
end_of_record
TN:
SF:/Users/herby/Documents/Github/Hacktiv8/Phase3/Week2/react-native-challenge/clone/store/octagirls/octagirls.actions.js
FN:4,(anonymous_0)
FN:5,(anonymous_1)
FN:7,(anonymous_2)
FN:12,(anonymous_3)
FN:18,(anonymous_4)
FNF:5
FNH:4
FNDA:1,(anonymous_0)
FNDA:1,(anonymous_1)
FNDA:1,(anonymous_2)
FNDA:0,(anonymous_3)
FNDA:1,(anonymous_4)
DA:4,2
DA:5,1
DA:6,1
DA:9,1
DA:10,1
DA:18,2
LF:6
LH:6
BRF:0
BRH:0
end_of_record
TN:
SF:/Users/herby/Documents/Github/Hacktiv8/Phase3/Week2/react-native-challenge/clone/store/octagirls/octagirls.reducer.js
FN:7,(anonymous_0)
FNF:1
FNH:1
FNDA:18,(anonymous_0)
DA:3,5
DA:7,5
DA:8,18
DA:10,1
DA:11,1
DA:16,17
LF:6
LH:6
BRDA:7,0,0,15
BRDA:8,1,0,1
BRDA:8,1,1,17
BRF:3
BRH:3
end_of_record
